# JRE version: OpenJDK Runtime Environment (8.0_144-b01) (build 1.8.0_144-b01)
# Java VM: OpenJDK 64-Bit Server VM (25.144-b01 mixed mode linux-amd64 compressed oops)
Heap:
 PSYoungGen      total 635392K, used 266555K [0x00000000d6f80000, 0x0000000100000000, 0x0000000100000000)
  eden space 613888K, 39% used [0x00000000d6f80000,0x00000000e5f16bc8,0x00000000fc700000)
  from space 21504K, 98% used [0x00000000fc700000,0x00000000fdbb83d0,0x00000000fdc00000)
  to   space 30208K, 0% used [0x00000000fe280000,0x00000000fe280000,0x0000000100000000)
 ParOldGen       total 109568K, used 32714K [0x0000000084e00000, 0x000000008b900000, 0x00000000d6f80000)
  object space 109568K, 29% used [0x0000000084e00000,0x0000000086df2a30,0x000000008b900000)
 Metaspace       used 41755K, capacity 42926K, committed 43136K, reserved 1087488K
  class space    used 4358K, capacity 4627K, committed 4736K, reserved 1048576K
GC Heap History (10 events):
Event: 64.564 GC heap before
{Heap before GC invocations=23 (full 2):
 PSYoungGen      total 580096K, used 577405K [0x00000000d6f80000, 0x00000000fbf80000, 0x0000000100000000)
  eden space 559104K, 100% used [0x00000000d6f80000,0x00000000f9180000,0x00000000f9180000)
  from space 20992K, 87% used [0x00000000fa800000,0x00000000fb9df6b0,0x00000000fbc80000)
  to   space 23040K, 0% used [0x00000000f9180000,0x00000000f9180000,0x00000000fa800000)
 ParOldGen       total 109568K, used 31130K [0x0000000084e00000, 0x000000008b900000, 0x00000000d6f80000)
  object space 109568K, 28% used [0x0000000084e00000,0x0000000086c66a30,0x000000008b900000)
 Metaspace       used 41362K, capacity 42538K, committed 42880K, reserved 1087488K
  class space    used 4358K, capacity 4627K, committed 4736K, reserved 1048576K
Event: 64.700 GC heap after
Heap after GC invocations=23 (full 2):
 PSYoungGen      total 582144K, used 17700K [0x00000000d6f80000, 0x0000000100000000, 0x0000000100000000)
  eden space 559104K, 0% used [0x00000000d6f80000,0x00000000d6f80000,0x00000000f9180000)
  from space 23040K, 76% used [0x00000000f9180000,0x00000000fa2c9200,0x00000000fa800000)
  to   space 24064K, 0% used [0x00000000fe880000,0x00000000fe880000,0x0000000100000000)
 ParOldGen       total 109568K, used 31138K [0x0000000084e00000, 0x000000008b900000, 0x00000000d6f80000)
  object space 109568K, 28% used [0x0000000084e00000,0x0000000086c68a30,0x000000008b900000)
 Metaspace       used 41362K, capacity 42538K, committed 42880K, reserved 1087488K
  class space    used 4358K, capacity 4627K, committed 4736K, reserved 1048576K
}
Event: 72.136 GC heap before
{Heap before GC invocations=24 (full 2):
 PSYoungGen      total 582144K, used 576804K [0x00000000d6f80000, 0x0000000100000000, 0x0000000100000000)
  eden space 559104K, 100% used [0x00000000d6f80000,0x00000000f9180000,0x00000000f9180000)
  from space 23040K, 76% used [0x00000000f9180000,0x00000000fa2c9200,0x00000000fa800000)
  to   space 24064K, 0% used [0x00000000fe880000,0x00000000fe880000,0x0000000100000000)
 ParOldGen       total 109568K, used 31138K [0x0000000084e00000, 0x000000008b900000, 0x00000000d6f80000)
  object space 109568K, 28% used [0x0000000084e00000,0x0000000086c68a30,0x000000008b900000)
 Metaspace       used 41493K, capacity 42666K, committed 42880K, reserved 1087488K
  class space    used 4358K, capacity 4627K, committed 4736K, reserved 1048576K
Event: 72.372 GC heap after
Heap after GC invocations=24 (full 2):
 PSYoungGen      total 645120K, used 18963K [0x00000000d6f80000, 0x0000000100000000, 0x0000000100000000)
  eden space 621056K, 0% used [0x00000000d6f80000,0x00000000d6f80000,0x00000000fce00000)
  from space 24064K, 78% used [0x00000000fe880000,0x00000000ffb04f10,0x0000000100000000)
  to   space 25600K, 0% used [0x00000000fce00000,0x00000000fce00000,0x00000000fe700000)
 ParOldGen       total 109568K, used 31138K [0x0000000084e00000, 0x000000008b900000, 0x00000000d6f80000)
  object space 109568K, 28% used [0x0000000084e00000,0x0000000086c68a30,0x000000008b900000)
 Metaspace       used 41493K, capacity 42666K, committed 42880K, reserved 1087488K
  class space    used 4358K, capacity 4627K, committed 4736K, reserved 1048576K
}
Event: 80.437 GC heap before
{Heap before GC invocations=25 (full 2):
 PSYoungGen      total 645120K, used 640019K [0x00000000d6f80000, 0x0000000100000000, 0x0000000100000000)
  eden space 621056K, 100% used [0x00000000d6f80000,0x00000000fce00000,0x00000000fce00000)
  from space 24064K, 78% used [0x00000000fe880000,0x00000000ffb04f10,0x0000000100000000)
  to   space 25600K, 0% used [0x00000000fce00000,0x00000000fce00000,0x00000000fe700000)
 ParOldGen       total 109568K, used 31138K [0x0000000084e00000, 0x000000008b900000, 0x00000000d6f80000)
  object space 109568K, 28% used [0x0000000084e00000,0x0000000086c68a30,0x000000008b900000)
 Metaspace       used 41617K, capacity 42794K, committed 43136K, reserved 1087488K
  class space    used 4358K, capacity 4627K, committed 4736K, reserved 1048576K
Event: 80.621 GC heap after
Heap after GC invocations=25 (full 2):
 PSYoungGen      total 642048K, used 20950K [0x00000000d6f80000, 0x0000000100000000, 0x0000000100000000)
  eden space 621056K, 0% used [0x00000000d6f80000,0x00000000d6f80000,0x00000000fce00000)
  from space 20992K, 99% used [0x00000000fce00000,0x00000000fe275b10,0x00000000fe280000)
  to   space 27648K, 0% used [0x00000000fe500000,0x00000000fe500000,0x0000000100000000)
 ParOldGen       total 109568K, used 32018K [0x0000000084e00000, 0x000000008b900000, 0x00000000d6f80000)
  object space 109568K, 29% used [0x0000000084e00000,0x0000000086d44a30,0x000000008b900000)
 Metaspace       used 41617K, capacity 42794K, committed 43136K, reserved 1087488K
  class space    used 4358K, capacity 4627K, committed 4736K, reserved 1048576K
}
Event: 87.253 GC heap before
{Heap before GC invocations=26 (full 2):
 PSYoungGen      total 642048K, used 642006K [0x00000000d6f80000, 0x0000000100000000, 0x0000000100000000)
  eden space 621056K, 100% used [0x00000000d6f80000,0x00000000fce00000,0x00000000fce00000)
  from space 20992K, 99% used [0x00000000fce00000,0x00000000fe275b10,0x00000000fe280000)
  to   space 27648K, 0% used [0x00000000fe500000,0x00000000fe500000,0x0000000100000000)
 ParOldGen       total 109568K, used 32018K [0x0000000084e00000, 0x000000008b900000, 0x00000000d6f80000)
  object space 109568K, 29% used [0x0000000084e00000,0x0000000086d44a30,0x000000008b900000)
 Metaspace       used 41701K, capacity 42922K, committed 43136K, reserved 1087488K
  class space    used 4358K, capacity 4627K, committed 4736K, reserved 1048576K
Event: 87.487 GC heap after
Heap after GC invocations=26 (full 2):
 PSYoungGen      total 641536K, used 20516K [0x00000000d6f80000, 0x0000000100000000, 0x0000000100000000)
  eden space 613888K, 0% used [0x00000000d6f80000,0x00000000d6f80000,0x00000000fc700000)
  from space 27648K, 74% used [0x00000000fe500000,0x00000000ff909210,0x0000000100000000)
  to   space 29184K, 0% used [0x00000000fc700000,0x00000000fc700000,0x00000000fe380000)
 ParOldGen       total 109568K, used 32506K [0x0000000084e00000, 0x000000008b900000, 0x00000000d6f80000)
  object space 109568K, 29% used [0x0000000084e00000,0x0000000086dbea30,0x000000008b900000)
 Metaspace       used 41701K, capacity 42922K, committed 43136K, reserved 1087488K
  class space    used 4358K, capacity 4627K, committed 4736K, reserved 1048576K
}
Event: 92.513 GC heap before
{Heap before GC invocations=27 (full 2):
 PSYoungGen      total 641536K, used 634404K [0x00000000d6f80000, 0x0000000100000000, 0x0000000100000000)
  eden space 613888K, 100% used [0x00000000d6f80000,0x00000000fc700000,0x00000000fc700000)
  from space 27648K, 74% used [0x00000000fe500000,0x00000000ff909210,0x0000000100000000)
  to   space 29184K, 0% used [0x00000000fc700000,0x00000000fc700000,0x00000000fe380000)
 ParOldGen       total 109568K, used 32506K [0x0000000084e00000, 0x000000008b900000, 0x00000000d6f80000)
  object space 109568K, 29% used [0x0000000084e00000,0x0000000086dbea30,0x000000008b900000)
 Metaspace       used 41745K, capacity 42926K, committed 43136K, reserved 1087488K
  class space    used 4358K, capacity 4627K, committed 4736K, reserved 1048576K
Event: 92.592 GC heap after
Heap after GC invocations=27 (full 2):
 PSYoungGen      total 635392K, used 21216K [0x00000000d6f80000, 0x0000000100000000, 0x0000000100000000)
  eden space 613888K, 0% used [0x00000000d6f80000,0x00000000d6f80000,0x00000000fc700000)
  from space 21504K, 98% used [0x00000000fc700000,0x00000000fdbb83d0,0x00000000fdc00000)
  to   space 30208K, 0% used [0x00000000fe280000,0x00000000fe280000,0x0000000100000000)
 ParOldGen       total 109568K, used 32714K [0x0000000084e00000, 0x000000008b900000, 0x00000000d6f80000)
  object space 109568K, 29% used [0x0000000084e00000,0x0000000086df2a30,0x000000008b900000)
 Metaspace       used 41745K, capacity 42926K, committed 43136K, reserved 1087488K
  class space    used 4358K, capacity 4627K, committed 4736K, reserved 1048576K
}

