# JRE version: OpenJDK Runtime Environment (8.0_171-b11) (build 1.8.0_171-8u171-b11-0ubuntu0.17.10.1-b11)
# Java VM: OpenJDK 64-Bit Server VM (25.171-b11 mixed mode linux-amd64 compressed oops)
Heap:
 PSYoungGen      total 232960K, used 0K [0x00000000eab00000, 0x0000000100000000, 0x0000000100000000)
  eden space 116736K, 0% used [0x00000000eab00000,0x00000000eab00000,0x00000000f1d00000)
  from space 116224K, 0% used [0x00000000f1d00000,0x00000000f1d00000,0x00000000f8e80000)
  to   space 116224K, 0% used [0x00000000f8e80000,0x00000000f8e80000,0x0000000100000000)
 ParOldGen       total 400384K, used 329403K [0x00000000c0000000, 0x00000000d8700000, 0x00000000eab00000)
  object space 400384K, 82% used [0x00000000c0000000,0x00000000d41aef08,0x00000000d8700000)
 Metaspace       used 23684K, capacity 24270K, committed 24576K, reserved 1071104K
  class space    used 2278K, capacity 2449K, committed 2560K, reserved 1048576K
GC Heap History (10 events):
Event: 14,719 GC heap after
Heap after GC invocations=18 (full 3):
 PSYoungGen      total 223232K, used 83123K [0x00000000eab00000, 0x0000000100000000, 0x0000000100000000)
  eden space 139776K, 0% used [0x00000000eab00000,0x00000000eab00000,0x00000000f3380000)
  from space 83456K, 99% used [0x00000000f3380000,0x00000000f84acc38,0x00000000f8500000)
  to   space 111104K, 0% used [0x00000000f9380000,0x00000000f9380000,0x0000000100000000)
 ParOldGen       total 400384K, used 242410K [0x00000000c0000000, 0x00000000d8700000, 0x00000000eab00000)
  object space 400384K, 60% used [0x00000000c0000000,0x00000000cecba810,0x00000000d8700000)
 Metaspace       used 23408K, capacity 24060K, committed 24320K, reserved 1071104K
  class space    used 2275K, capacity 2446K, committed 2560K, reserved 1048576K
}
Event: 15,330 GC heap before
{Heap before GC invocations=19 (full 3):
 PSYoungGen      total 223232K, used 222899K [0x00000000eab00000, 0x0000000100000000, 0x0000000100000000)
  eden space 139776K, 100% used [0x00000000eab00000,0x00000000f3380000,0x00000000f3380000)
  from space 83456K, 99% used [0x00000000f3380000,0x00000000f84acc38,0x00000000f8500000)
  to   space 111104K, 0% used [0x00000000f9380000,0x00000000f9380000,0x0000000100000000)
 ParOldGen       total 400384K, used 242410K [0x00000000c0000000, 0x00000000d8700000, 0x00000000eab00000)
  object space 400384K, 60% used [0x00000000c0000000,0x00000000cecba810,0x00000000d8700000)
 Metaspace       used 23462K, capacity 24066K, committed 24320K, reserved 1071104K
  class space    used 2276K, capacity 2447K, committed 2560K, reserved 1048576K
Event: 15,465 GC heap after
Heap after GC invocations=19 (full 3):
 PSYoungGen      total 227840K, used 110937K [0x00000000eab00000, 0x0000000100000000, 0x0000000100000000)
  eden space 116736K, 0% used [0x00000000eab00000,0x00000000eab00000,0x00000000f1d00000)
  from space 111104K, 99% used [0x00000000f9380000,0x00000000fffd64c0,0x0000000100000000)
  to   space 116224K, 0% used [0x00000000f1d00000,0x00000000f1d00000,0x00000000f8e80000)
 ParOldGen       total 400384K, used 242410K [0x00000000c0000000, 0x00000000d8700000, 0x00000000eab00000)
  object space 400384K, 60% used [0x00000000c0000000,0x00000000cecba810,0x00000000d8700000)
 Metaspace       used 23462K, capacity 24066K, committed 24320K, reserved 1071104K
  class space    used 2276K, capacity 2447K, committed 2560K, reserved 1048576K
}
Event: 15,946 GC heap before
{Heap before GC invocations=20 (full 3):
 PSYoungGen      total 227840K, used 227673K [0x00000000eab00000, 0x0000000100000000, 0x0000000100000000)
  eden space 116736K, 100% used [0x00000000eab00000,0x00000000f1d00000,0x00000000f1d00000)
  from space 111104K, 99% used [0x00000000f9380000,0x00000000fffd64c0,0x0000000100000000)
  to   space 116224K, 0% used [0x00000000f1d00000,0x00000000f1d00000,0x00000000f8e80000)
 ParOldGen       total 400384K, used 242410K [0x00000000c0000000, 0x00000000d8700000, 0x00000000eab00000)
  object space 400384K, 60% used [0x00000000c0000000,0x00000000cecba810,0x00000000d8700000)
 Metaspace       used 23528K, capacity 24130K, committed 24320K, reserved 1071104K
  class space    used 2276K, capacity 2447K, committed 2560K, reserved 1048576K
Event: 16,069 GC heap after
Heap after GC invocations=20 (full 3):
 PSYoungGen      total 232960K, used 116215K [0x00000000eab00000, 0x0000000100000000, 0x0000000100000000)
  eden space 116736K, 0% used [0x00000000eab00000,0x00000000eab00000,0x00000000f1d00000)
  from space 116224K, 99% used [0x00000000f1d00000,0x00000000f8e7dea8,0x00000000f8e80000)
  to   space 116224K, 0% used [0x00000000f8e80000,0x00000000f8e80000,0x0000000100000000)
 ParOldGen       total 400384K, used 262051K [0x00000000c0000000, 0x00000000d8700000, 0x00000000eab00000)
  object space 400384K, 65% used [0x00000000c0000000,0x00000000cffe8e78,0x00000000d8700000)
 Metaspace       used 23528K, capacity 24130K, committed 24320K, reserved 1071104K
  class space    used 2276K, capacity 2447K, committed 2560K, reserved 1048576K
}
Event: 16,531 GC heap before
{Heap before GC invocations=21 (full 3):
 PSYoungGen      total 232960K, used 232951K [0x00000000eab00000, 0x0000000100000000, 0x0000000100000000)
  eden space 116736K, 100% used [0x00000000eab00000,0x00000000f1d00000,0x00000000f1d00000)
  from space 116224K, 99% used [0x00000000f1d00000,0x00000000f8e7dea8,0x00000000f8e80000)
  to   space 116224K, 0% used [0x00000000f8e80000,0x00000000f8e80000,0x0000000100000000)
 ParOldGen       total 400384K, used 262051K [0x00000000c0000000, 0x00000000d8700000, 0x00000000eab00000)
  object space 400384K, 65% used [0x00000000c0000000,0x00000000cffe8e78,0x00000000d8700000)
 Metaspace       used 23565K, capacity 24194K, committed 24320K, reserved 1071104K
  class space    used 2276K, capacity 2447K, committed 2560K, reserved 1048576K
Event: 16,708 GC heap after
Heap after GC invocations=21 (full 3):
 PSYoungGen      total 232960K, used 87550K [0x00000000eab00000, 0x0000000100000000, 0x0000000100000000)
  eden space 116736K, 0% used [0x00000000eab00000,0x00000000eab00000,0x00000000f1d00000)
  from space 116224K, 75% used [0x00000000f8e80000,0x00000000fe3ffa68,0x0000000100000000)
  to   space 116224K, 0% used [0x00000000f1d00000,0x00000000f1d00000,0x00000000f8e80000)
 ParOldGen       total 400384K, used 317995K [0x00000000c0000000, 0x00000000d8700000, 0x00000000eab00000)
  object space 400384K, 79% used [0x00000000c0000000,0x00000000d368ad48,0x00000000d8700000)
 Metaspace       used 23565K, capacity 24194K, committed 24320K, reserved 1071104K
  class space    used 2276K, capacity 2447K, committed 2560K, reserved 1048576K
}
Event: 17,161 GC heap before
{Heap before GC invocations=22 (full 3):
 PSYoungGen      total 232960K, used 204286K [0x00000000eab00000, 0x0000000100000000, 0x0000000100000000)
  eden space 116736K, 100% used [0x00000000eab00000,0x00000000f1d00000,0x00000000f1d00000)
  from space 116224K, 75% used [0x00000000f8e80000,0x00000000fe3ffa68,0x0000000100000000)
  to   space 116224K, 0% used [0x00000000f1d00000,0x00000000f1d00000,0x00000000f8e80000)
 ParOldGen       total 400384K, used 317995K [0x00000000c0000000, 0x00000000d8700000, 0x00000000eab00000)
  object space 400384K, 79% used [0x00000000c0000000,0x00000000d368ad48,0x00000000d8700000)
 Metaspace       used 23684K, capacity 24270K, committed 24576K, reserved 1071104K
  class space    used 2278K, capacity 2449K, committed 2560K, reserved 1048576K
Event: 17,306 GC heap after
Heap after GC invocations=22 (full 3):
 PSYoungGen      total 232960K, used 68157K [0x00000000eab00000, 0x0000000100000000, 0x0000000100000000)
  eden space 116736K, 0% used [0x00000000eab00000,0x00000000eab00000,0x00000000f1d00000)
  from space 116224K, 58% used [0x00000000f1d00000,0x00000000f5f8f630,0x00000000f8e80000)
  to   space 116224K, 0% used [0x00000000f8e80000,0x00000000f8e80000,0x0000000100000000)
 ParOldGen       total 400384K, used 365134K [0x00000000c0000000, 0x00000000d8700000, 0x00000000eab00000)
  object space 400384K, 91% used [0x00000000c0000000,0x00000000d6493888,0x00000000d8700000)
 Metaspace       used 23684K, capacity 24270K, committed 24576K, reserved 1071104K
  class space    used 2278K, capacity 2449K, committed 2560K, reserved 1048576K
}
Event: 17,306 GC heap before
{Heap before GC invocations=23 (full 4):
 PSYoungGen      total 232960K, used 68157K [0x00000000eab00000, 0x0000000100000000, 0x0000000100000000)
  eden space 116736K, 0% used [0x00000000eab00000,0x00000000eab00000,0x00000000f1d00000)
  from space 116224K, 58% used [0x00000000f1d00000,0x00000000f5f8f630,0x00000000f8e80000)
  to   space 116224K, 0% used [0x00000000f8e80000,0x00000000f8e80000,0x0000000100000000)
 ParOldGen       total 400384K, used 365134K [0x00000000c0000000, 0x00000000d8700000, 0x00000000eab00000)
  object space 400384K, 91% used [0x00000000c0000000,0x00000000d6493888,0x00000000d8700000)
 Metaspace       used 23684K, capacity 24270K, committed 24576K, reserved 1071104K
  class space    used 2278K, capacity 2449K, committed 2560K, reserved 1048576K

